<?xml version="1.0" encoding="UTF-8"?>
<!-- Generated by org.testng.reporters.JUnitReportReporter -->
<testsuite skipped="0" hostname="AniketS-PC" name="MavenDemo1.MavenDemo.login" tests="1" failures="0" timestamp="31 Jan 2019 18:37:43 GMT" time="24.291" errors="0">
  <testcase name="setup" time="24.291" classname="MavenDemo1.MavenDemo.login"/>
</testsuite> <!-- MavenDemo1.MavenDemo.login -->
